
> frontend@0.1.0 dev
> next dev

npm :  ΓÜá Port 3000 
is in use, trying 
3001 instead.
At line:1 char:1
+ npm run dev 2>&1 | 
Out-File -FilePath 
frontend_error.log 
-Encoding ut ...
+ ~~~~~~~~~~~~~~~~
    + CategoryInfo    
          : NotSpeci  
  fied: ( ΓÜá Port    
 3000 ...g 3001 in    
stead.:String) []    
, RemoteException
    + FullyQualifiedE 
   rrorId : NativeCo  
  mmandError
 
 ΓÜá Port 3001 is in 
use, trying 3002 
instead.
  Γû▓ Next.js 14.2.11
  - Local:        http://localhost:3002
  - Environments: .env

 Γ£ô Starting...
